\BOOKMARK [0][-]{chapter.1}{\376\377\000I\000n\000t\000r\000o\000d\000u\000c\000t\000i\000o\000n}{}% 1
\BOOKMARK [1][-]{section.1.1}{\376\377\000T\000h\000e\000s\000i\000s}{chapter.1}% 2
\BOOKMARK [2][-]{subsection.1.1.1}{\376\377\000P\000a\000r\000a\000l\000l\000e\000l\000i\000s\000m}{section.1.1}% 3
\BOOKMARK [2][-]{subsection.1.1.2}{\376\377\000C\000o\000n\000c\000u\000r\000r\000e\000n\000c\000y}{section.1.1}% 4
\BOOKMARK [1][-]{section.1.2}{\376\377\000T\000o\000o\000l\000s}{chapter.1}% 5
\BOOKMARK [2][-]{subsection.1.2.1}{\376\377\000S\000y\000s\000t\000e\000m}{section.1.2}% 6
\BOOKMARK [2][-]{subsection.1.2.2}{\376\377\000O\000C\000a\000m\000l\000\040\000M\000u\000l\000t\000i\000c\000o\000r\000e}{section.1.2}% 7
\BOOKMARK [1][-]{section.1.3}{\376\377\000F\000i\000n\000d\000i\000n\000g\000s}{chapter.1}% 8
\BOOKMARK [0][-]{chapter.2}{\376\377\000B\000a\000c\000k\000g\000r\000o\000u\000n\000d}{}% 9
\BOOKMARK [1][-]{section.2.1}{\376\377\000S\000c\000h\000e\000d\000u\000l\000i\000n\000g}{chapter.2}% 10
\BOOKMARK [2][-]{subsection.2.1.1}{\376\377\000S\000y\000s\000t\000e\000m\000\040\000T\000h\000r\000e\000a\000d\000s}{section.2.1}% 11
\BOOKMARK [2][-]{subsection.2.1.2}{\376\377\000L\000i\000g\000h\000t\000w\000e\000i\000g\000h\000t\000\040\000T\000h\000r\000e\000a\000d\000s}{section.2.1}% 12
\BOOKMARK [2][-]{subsection.2.1.3}{\376\377\000P\000r\000e\000e\000m\000p\000t\000i\000o\000n}{section.2.1}% 13
\BOOKMARK [2][-]{subsection.2.1.4}{\376\377\000W\000o\000r\000k\000\040\000s\000t\000e\000a\000l\000i\000n\000g}{section.2.1}% 14
\BOOKMARK [2][-]{subsection.2.1.5}{\376\377\000S\000u\000m\000m\000a\000r\000y}{section.2.1}% 15
\BOOKMARK [1][-]{section.2.2}{\376\377\000O\000C\000a\000m\000l}{chapter.2}% 16
\BOOKMARK [2][-]{subsection.2.2.1}{\376\377\000T\000h\000r\000e\000a\000d\000i\000n\000g}{section.2.2}% 17
\BOOKMARK [2][-]{subsection.2.2.2}{\376\377\000E\000f\000f\000e\000c\000t\000s}{section.2.2}% 18
\BOOKMARK [2][-]{subsection.2.2.3}{\376\377\000M\000e\000m\000o\000r\000y\000\040\000m\000o\000d\000e\000l}{section.2.2}% 19
\BOOKMARK [2][-]{subsection.2.2.4}{\376\377\000G\000a\000r\000b\000a\000g\000e\000\040\000C\000o\000l\000l\000e\000c\000t\000i\000o\000n}{section.2.2}% 20
\BOOKMARK [1][-]{section.2.3}{\376\377\000M\000u\000l\000t\000i\000p\000r\000o\000c\000e\000s\000s\000i\000n\000g}{chapter.2}% 21
\BOOKMARK [2][-]{subsection.2.3.1}{\376\377\000A\000m\000d\000a\000h\000l\000'\000s\000\040\000l\000a\000w}{section.2.3}% 22
\BOOKMARK [2][-]{subsection.2.3.2}{\376\377\000L\000o\000c\000k\000-\000f\000r\000e\000e\000\040\000a\000l\000g\000o\000r\000i\000t\000h\000m\000s}{section.2.3}% 23
\BOOKMARK [2][-]{subsection.2.3.3}{\376\377\000A\000t\000o\000m\000i\000c\000\040\000o\000p\000e\000r\000a\000t\000i\000o\000n\000s}{section.2.3}% 24
\BOOKMARK [2][-]{subsection.2.3.4}{\376\377\000L\000i\000n\000e\000a\000r\000i\000z\000a\000b\000i\000l\000i\000t\000y}{section.2.3}% 25
\BOOKMARK [2][-]{subsection.2.3.5}{\376\377\000L\000F\000\040\000q\000u\000e\000u\000e}{section.2.3}% 26
\BOOKMARK [2][-]{subsection.2.3.6}{\376\377\000M\000u\000l\000t\000i\000Q}{section.2.3}% 27
\BOOKMARK [2][-]{subsection.2.3.7}{\376\377\000D\000S\000C\000h\000e\000c\000k}{section.2.3}% 28
\BOOKMARK [1][-]{section.2.4}{\376\377\000B\000e\000n\000c\000h\000m\000a\000r\000k\000s}{chapter.2}% 29
\BOOKMARK [2][-]{subsection.2.4.1}{\376\377\000P\000a\000c\000k\000e\000t\000\040\000P\000r\000o\000c\000e\000s\000s\000i\000n\000g}{section.2.4}% 30
\BOOKMARK [2][-]{subsection.2.4.2}{\376\377\000A\000u\000d\000i\000o\000\040\000M\000i\000x\000e\000r}{section.2.4}% 31
\BOOKMARK [2][-]{subsection.2.4.3}{\376\377\000O\000p\000t\000i\000o\000n\000\040\000P\000r\000i\000c\000i\000n\000g}{section.2.4}% 32
\BOOKMARK [0][-]{chapter.3}{\376\377\000R\000e\000l\000a\000t\000e\000d\000\040\000w\000o\000r\000k}{}% 33
\BOOKMARK [1][-]{section.3.1}{\376\377\000G\000o}{chapter.3}% 34
\BOOKMARK [1][-]{section.3.2}{\376\377\000R\000u\000s\000t}{chapter.3}% 35
\BOOKMARK [0][-]{chapter.4}{\376\377\000D\000e\000s\000i\000g\000n}{}% 36
\BOOKMARK [1][-]{section.4.1}{\376\377\000O\000b\000j\000e\000c\000t\000i\000v\000e\000s}{chapter.4}% 37
\BOOKMARK [1][-]{section.4.2}{\376\377\000O\000r\000d\000e\000r\000i\000n\000g}{chapter.4}% 38
\BOOKMARK [2][-]{subsection.4.2.1}{\376\377\000F\000I\000F\000O\000\040\000a\000n\000d\000\040\000L\000I\000F\000O}{section.4.2}% 39
\BOOKMARK [2][-]{subsection.4.2.2}{\376\377\000H\000y\000b\000r\000i\000d}{section.4.2}% 40
\BOOKMARK [1][-]{section.4.3}{\376\377\000C\000o\000n\000t\000e\000n\000t\000i\000o\000n\000\040\000a\000n\000d\000\040\000l\000o\000c\000a\000l\000i\000t\000y}{chapter.4}% 41
\BOOKMARK [2][-]{subsection.4.3.1}{\376\377\000C\000o\000r\000e\000\040\000S\000t\000r\000u\000c\000t\000u\000r\000e\000\040\000D\000i\000s\000t\000r\000i\000b\000u\000t\000i\000o\000n}{section.4.3}% 42
\BOOKMARK [2][-]{subsection.4.3.2}{\376\377\000S\000t\000a\000g\000e\000d}{section.4.3}% 43
\BOOKMARK [1][-]{section.4.4}{\376\377\000O\000t\000h\000e\000r\000\040\000d\000e\000s\000i\000g\000n\000\040\000c\000h\000o\000i\000c\000e\000s}{chapter.4}% 44
\BOOKMARK [2][-]{subsection.4.4.1}{\376\377\000W\000o\000r\000k\000\040\000d\000i\000s\000t\000r\000i\000b\000u\000t\000i\000o\000n}{section.4.4}% 45
\BOOKMARK [2][-]{subsection.4.4.2}{\376\377\000R\000e\000s\000i\000z\000i\000n\000g}{section.4.4}% 46
\BOOKMARK [2][-]{subsection.4.4.3}{\376\377\000B\000l\000o\000c\000k\000i\000n\000g\000\040\000o\000p\000e\000r\000a\000t\000i\000o\000n\000s}{section.4.4}% 47
\BOOKMARK [2][-]{subsection.4.4.4}{\376\377\000Y\000i\000e\000l\000d}{section.4.4}% 48
\BOOKMARK [2][-]{subsection.4.4.5}{\376\377\000P\000r\000o\000m\000i\000s\000e}{section.4.4}% 49
\BOOKMARK [2][-]{subsection.4.4.6}{\376\377\000B\000a\000c\000k\000p\000r\000e\000s\000s\000u\000r\000e}{section.4.4}% 50
\BOOKMARK [2][-]{subsection.4.4.7}{\376\377\000C\000a\000n\000c\000e\000l\000l\000a\000t\000i\000o\000n\000s}{section.4.4}% 51
\BOOKMARK [0][-]{chapter.5}{\376\377\000I\000m\000p\000l\000e\000m\000e\000n\000t\000a\000t\000i\000o\000n}{}% 52
\BOOKMARK [1][-]{section.5.1}{\376\377\000S\000c\000h\000e\000d\000u\000l\000e\000r\000s}{chapter.5}% 53
\BOOKMARK [2][-]{subsection.5.1.1}{\376\377\000W\000o\000r\000k\000\040\000d\000i\000s\000t\000r\000i\000b\000u\000t\000i\000o\000n\000\040\000e\000x\000t\000e\000n\000s\000i\000o\000n\000s}{section.5.1}% 54
\BOOKMARK [1][-]{section.5.2}{\376\377\000U\000n\000d\000e\000r\000l\000y\000i\000n\000g\000\040\000D\000a\000t\000a\000\040\000S\000t\000r\000u\000c\000t\000u\000r\000e\000s}{chapter.5}% 55
\BOOKMARK [2][-]{subsection.5.2.1}{\376\377\000C\000o\000r\000e\000\040\000D\000a\000t\000a\000\040\000S\000t\000r\000u\000c\000t\000u\000r\000e}{section.5.2}% 56
\BOOKMARK [2][-]{subsection.5.2.2}{\376\377\000M\000P\000M\000C\000\040\000Q\000u\000e\000u\000e\000\040\000B\000l\000o\000c\000k\000i\000n\000g}{section.5.2}% 57
\BOOKMARK [2][-]{subsection.5.2.3}{\376\377\000R\000e\000l\000a\000x\000a\000t\000i\000o\000n\000\040\000t\000o\000\040\000S\000P\000M\000C\000\040\000Q\000u\000e\000u\000e}{section.5.2}% 58
\BOOKMARK [2][-]{subsection.5.2.4}{\376\377\000S\000P\000M\000C\000\040\000Q\000u\000e\000u\000e\000\040\000w\000i\000t\000h\000\040\000s\000t\000e\000a\000l\000i\000n\000g}{section.5.2}% 59
\BOOKMARK [2][-]{subsection.5.2.5}{\376\377\000S\000P\000M\000C\000\040\000S\000t\000a\000c\000k\000\040\000w\000i\000t\000h\000\040\000F\000I\000F\000O\000\040\000s\000t\000e\000a\000l\000i\000n\000g}{section.5.2}% 60
\BOOKMARK [2][-]{subsection.5.2.6}{\376\377\000S\000h\000a\000r\000d\000e\000d\000\040\000Q\000u\000e\000u\000e}{section.5.2}% 61
\BOOKMARK [2][-]{subsection.5.2.7}{\376\377\000O\000v\000e\000r\000f\000l\000o\000w\000\040\000a\000v\000o\000i\000d\000a\000n\000c\000e}{section.5.2}% 62
\BOOKMARK [2][-]{subsection.5.2.8}{\376\377\000F\000a\000l\000s\000e\000\040\000s\000h\000a\000r\000i\000n\000g}{section.5.2}% 63
\BOOKMARK [2][-]{subsection.5.2.9}{\376\377\000L\000i\000m\000i\000t\000a\000t\000i\000o\000n\000s}{section.5.2}% 64
\BOOKMARK [0][-]{chapter.6}{\376\377\000M\000e\000t\000h\000o\000d\000s}{}% 65
\BOOKMARK [1][-]{section.6.1}{\376\377\000H\000a\000r\000d\000w\000a\000r\000e}{chapter.6}% 66
\BOOKMARK [1][-]{section.6.2}{\376\377\000S\000y\000s\000t\000e\000m}{chapter.6}% 67
\BOOKMARK [1][-]{section.6.3}{\376\377\000P\000r\000o\000c\000e\000d\000u\000r\000e\000s}{chapter.6}% 68
\BOOKMARK [1][-]{section.6.4}{\376\377\000S\000t\000a\000t\000i\000s\000t\000i\000c\000a\000l\000\040\000M\000e\000t\000h\000o\000d\000s}{chapter.6}% 69
\BOOKMARK [1][-]{section.6.5}{\376\377\000P\000r\000o\000b\000e\000\040\000E\000f\000f\000e\000c\000t}{chapter.6}% 70
\BOOKMARK [0][-]{chapter.7}{\376\377\000E\000v\000a\000l\000u\000a\000t\000i\000o\000n}{}% 71
\BOOKMARK [1][-]{section.7.1}{\376\377\000S\000e\000r\000v\000e\000r\000\040\000b\000e\000n\000c\000h\000m\000a\000r\000k}{chapter.7}% 72
\BOOKMARK [2][-]{subsection.7.1.1}{\376\377\000G\000e\000n\000e\000r\000a\000l\000\040\000C\000a\000s\000e}{section.7.1}% 73
\BOOKMARK [2][-]{subsection.7.1.2}{\376\377\000S\000e\000r\000v\000e\000r\000\040\000b\000e\000n\000c\000h\000m\000a\000r\000k\000\040\000w\000i\000t\000h\000\040\000c\000a\000c\000h\000e\000\040\000e\000f\000f\000e\000c\000t\000s}{section.7.1}% 74
\BOOKMARK [2][-]{subsection.7.1.3}{\376\377\000S\000e\000r\000v\000e\000r\000\040\000b\000e\000n\000c\000h\000m\000a\000r\000k\000\040\000w\000i\000t\000h\000\040\000m\000u\000l\000t\000i\000-\000m\000o\000d\000a\000l\000\040\000p\000r\000o\000c\000e\000s\000s\000i\000n\000g\000\040\000l\000a\000t\000e\000n\000c\000y}{section.7.1}% 75
\BOOKMARK [1][-]{section.7.2}{\376\377\000M\000i\000x\000e\000r\000\040\000b\000e\000n\000c\000h\000m\000a\000r\000k}{chapter.7}% 76
\BOOKMARK [0][-]{chapter.8}{\376\377\000S\000u\000m\000m\000a\000r\000y\000\040\000a\000n\000d\000\040\000c\000o\000n\000c\000l\000u\000s\000i\000o\000n\000s}{}% 77
\BOOKMARK [0][-]{appendix.A}{\376\377\000T\000e\000c\000h\000n\000i\000c\000a\000l\000\040\000d\000e\000t\000a\000i\000l\000s\000,\000\040\000p\000r\000o\000o\000f\000s\000,\000\040\000e\000t\000c\000.}{}% 78
\BOOKMARK [1][-]{section.A.1}{\376\377\000L\000o\000r\000e\000m\000\040\000i\000p\000s\000u\000m}{appendix.A}% 79
